<?xml version="1.0" encoding="UTF-8"?>
<!-- Generated by org.testng.reporters.JUnitXMLReporter -->
<testsuite hostname="Abhi-PC" ignored="0" name="GeoMans Tests" tests="6" failures="0" timestamp="07 Dec 2018 14:59:54 GMT" time="642.467" errors="0">
  <testcase name="linksVerificationOnHomePage" time="521.896" classname="tests.HomePageTests"/>
  <testcase name="imageLogoPresentOnHomePage" time="0.092" classname="tests.HomePageTests"/>
  <testcase name="phoneNumberPresentOnHomePage" time="0.063" classname="tests.HomePageTests"/>
  <testcase name="selectValueLocationDropdown" time="0.201" classname="tests.HomePageTests"/>
  <testcase name="verifyBrandsImages" time="107.206" classname="tests.HomePageTests"/>
  <testcase name="verifyFooter" time="0.904" classname="tests.HomePageTests"/>
</testsuite> <!-- GeoMans Tests -->
